<?xml version="1.0" encoding="UTF-8"?>
<!-- Generated by org.testng.reporters.JUnitReportReporter -->
<testsuite skipped="0" hostname="DESKTOP-T3FFUFN" name="CucumberRunner.TestRunner" tests="2" failures="0" timestamp="2022-06-07T21:39:33 ICT" time="9.846" errors="0">
  <testcase name="runScenario" time="1.118" classname="CucumberRunner.TestRunner"/>
  <system-out/>
  <testcase name="runScenario" time="8.728" classname="CucumberRunner.TestRunner"/>
  <system-out/>
</testsuite> <!-- CucumberRunner.TestRunner -->
