<?xml version="1.0" encoding="UTF-8"?>
<!-- Generated by org.testng.reporters.JUnitReportReporter -->
<testsuite skipped="0" hostname="DESKTOP-T3FFUFN" name="CucumberRunner.TestRunner" tests="2" failures="0" timestamp="2022-03-23T11:28:04 ICT" time="10.555" errors="0">
  <testcase name="runScenario" time="9.332" classname="CucumberRunner.TestRunner"/>
  <system-out/>
  <testcase name="runScenario" time="1.223" classname="CucumberRunner.TestRunner"/>
  <system-out/>
</testsuite> <!-- CucumberRunner.TestRunner -->
