<?xml version="1.0" encoding="UTF-8"?>
<!-- Generated by org.testng.reporters.JUnitReportReporter -->
<testsuite skipped="0" hostname="DESKTOP-T3FFUFN" name="CucumberRunner.TestRunner" tests="2" failures="0" timestamp="2022-05-27T13:12:56 ICT" time="13.042" errors="0">
  <testcase name="runScenario" time="10.824" classname="CucumberRunner.TestRunner"/>
  <system-out/>
  <testcase name="runScenario" time="2.218" classname="CucumberRunner.TestRunner"/>
  <system-out/>
</testsuite> <!-- CucumberRunner.TestRunner -->
