<?xml version="1.0" encoding="UTF-8"?>
<!-- Generated by org.testng.reporters.JUnitReportReporter -->
<testsuite skipped="0" hostname="DESKTOP-T3FFUFN" name="CucumberRunner.TestRunner" tests="2" failures="0" timestamp="2022-04-06T22:34:58 ICT" time="16.438" errors="0">
  <testcase name="runScenario" time="15.052" classname="CucumberRunner.TestRunner"/>
  <system-out/>
  <testcase name="runScenario" time="1.386" classname="CucumberRunner.TestRunner"/>
  <system-out/>
</testsuite> <!-- CucumberRunner.TestRunner -->
